0 info it worked if it ends with ok
1 verbose cli [ '/usr/local/bin/node',
1 verbose cli   '/usr/local/bin/npm',
1 verbose cli   'run',
1 verbose cli   'prepublish' ]
2 info using npm@3.10.10
3 info using node@v6.11.0
4 verbose run-script [ 'prepublish' ]
5 info lifecycle easy_travel_api@0.1.9~prepublish: easy_travel_api@0.1.9
6 verbose lifecycle easy_travel_api@0.1.9~prepublish: unsafe-perm in lifecycle true
7 verbose lifecycle easy_travel_api@0.1.9~prepublish: PATH: /usr/local/lib/node_modules/npm/bin/node-gyp-bin:/Users/miguel/Documents/mateu/easytravelapi/javascript-client-sdk/node_modules/.bin:/Library/PostgreSQL/9.4/bin:/Library/Frameworks/Python.framework/Versions/3.5/bin:/Users/miguel/.sdkman/candidates/gradle/current/bin:/usr/local/bin:/usr/bin:/bin:/usr/sbin:/sbin:/usr/local/git/bin:/Applications/Wireshark.app/Contents/MacOS:/Users/miguel/apache-maven-3.2.1/bin
8 verbose lifecycle easy_travel_api@0.1.9~prepublish: CWD: /Users/miguel/Documents/mateu/easytravelapi/javascript-client-sdk
9 silly lifecycle easy_travel_api@0.1.9~prepublish: Args: [ '-c', './gulpfile.js' ]
10 silly lifecycle easy_travel_api@0.1.9~prepublish: Returned: code: 126  signal: null
11 info lifecycle easy_travel_api@0.1.9~prepublish: Failed to exec prepublish script
12 verbose stack Error: easy_travel_api@0.1.9 prepublish: `./gulpfile.js`
12 verbose stack Exit status 126
12 verbose stack     at EventEmitter.<anonymous> (/usr/local/lib/node_modules/npm/lib/utils/lifecycle.js:255:16)
12 verbose stack     at emitTwo (events.js:106:13)
12 verbose stack     at EventEmitter.emit (events.js:191:7)
12 verbose stack     at ChildProcess.<anonymous> (/usr/local/lib/node_modules/npm/lib/utils/spawn.js:40:14)
12 verbose stack     at emitTwo (events.js:106:13)
12 verbose stack     at ChildProcess.emit (events.js:191:7)
12 verbose stack     at maybeClose (internal/child_process.js:891:16)
12 verbose stack     at Process.ChildProcess._handle.onexit (internal/child_process.js:226:5)
13 verbose pkgid easy_travel_api@0.1.9
14 verbose cwd /Users/miguel/Documents/mateu/easytravelapi/javascript-client-sdk
15 error Darwin 16.7.0
16 error argv "/usr/local/bin/node" "/usr/local/bin/npm" "run" "prepublish"
17 error node v6.11.0
18 error npm  v3.10.10
19 error code ELIFECYCLE
20 error easy_travel_api@0.1.9 prepublish: `./gulpfile.js`
20 error Exit status 126
21 error Failed at the easy_travel_api@0.1.9 prepublish script './gulpfile.js'.
21 error Make sure you have the latest version of node.js and npm installed.
21 error If you do, this is most likely a problem with the easy_travel_api package,
21 error not with npm itself.
21 error Tell the author that this fails on your system:
21 error     ./gulpfile.js
21 error You can get information on how to open an issue for this project with:
21 error     npm bugs easy_travel_api
21 error Or if that isn't available, you can get their info via:
21 error     npm owner ls easy_travel_api
21 error There is likely additional logging output above.
22 verbose exit [ 1, true ]
